<?xml version="1.0" encoding="UTF-8"?>
<!-- Generated by org.testng.reporters.JUnitReportReporter -->
<testsuite skipped="9" hostname="LAPTOP-6OEIG7PG" name="com.makemytrip.SignUpTest" tests="10" failures="0" timestamp="20 Oct 2021 14:58:15 GMT" time="55.279" errors="0">
  <testcase name="invalidProfileNameandPasswordVerification" time="55.279" classname="com.makemytrip.SignUpTest"/>
  <testcase name="verifySignUpButton" classname="com.makemytrip.SignUpTest">
    <skipped/>
  </testcase> <!-- verifySignUpButton -->
  <testcase name="otpPageElementVerificationUsingPhoneNo" classname="com.makemytrip.SignUpTest">
    <skipped/>
  </testcase> <!-- otpPageElementVerificationUsingPhoneNo -->
  <testcase name="invalidOtpVerification" classname="com.makemytrip.SignUpTest">
    <skipped/>
  </testcase> <!-- invalidOtpVerification -->
  <testcase name="invalidEmailVerification" classname="com.makemytrip.SignUpTest">
    <skipped/>
  </testcase> <!-- invalidEmailVerification -->
  <testcase name="validEmail" classname="com.makemytrip.SignUpTest">
    <skipped/>
  </testcase> <!-- validEmail -->
  <testcase name="blankEmailBoxVerification" classname="com.makemytrip.SignUpTest">
    <skipped/>
  </testcase> <!-- blankEmailBoxVerification -->
  <testcase name="signUpPageElementsVerification" classname="com.makemytrip.SignUpTest">
    <skipped/>
  </testcase> <!-- signUpPageElementsVerification -->
  <testcase name="otpPageElementVerificationUsingEmail" classname="com.makemytrip.SignUpTest">
    <skipped/>
  </testcase> <!-- otpPageElementVerificationUsingEmail -->
  <testcase name="verifyAndCreateAccButtonDisplay" classname="com.makemytrip.SignUpTest">
    <skipped/>
  </testcase> <!-- verifyAndCreateAccButtonDisplay -->
</testsuite> <!-- com.makemytrip.SignUpTest -->
